extension/app-source-code/sensorReadout/sensorDropping/app/build/outputs/logs/manifest-merger-debug-report.txt
-- Merging decision tree log ---
manifest
ADDED from src/main/AndroidManifest.xml:1:1-34:12
INJECTED from src/main/AndroidManifest.xml:1:1-34:12
INJECTED from src/main/AndroidManifest.xml:1:1-34:12
INJECTED from src/main/AndroidManifest.xml:1:1-34:12
INJECTED from src/main/AndroidManifest.xml:1:1-34:12
INJECTED from src/main/AndroidManifest.xml:1:1-34:12
INJECTED from src/main/AndroidManifest.xml:1:1-34:12
	package
		ADDED from src/main/AndroidManifest.xml:2:2-37
		INJECTED from src/main/AndroidManifest.xml
		INJECTED from src/main/AndroidManifest.xml
	android:versionName
		ADDED from src/main/AndroidManifest.xml:4:2-27
		INJECTED from src/main/AndroidManifest.xml
		INJECTED from src/main/AndroidManifest.xml
	xmlns:android
		ADDED from src/main/AndroidManifest.xml:1:11-69
	android:versionCode
		ADDED from src/main/AndroidManifest.xml:3:2-25
		INJECTED from src/main/AndroidManifest.xml
		INJECTED from src/main/AndroidManifest.xml
uses-sdk
ADDED from src/main/AndroidManifest.xml:6:2-8:35
INJECTED from src/main/AndroidManifest.xml:6:2-8:35
INJECTED from src/main/AndroidManifest.xml:6:2-8:35
INJECTED from src/main/AndroidManifest.xml:6:2-8:35
INJECTED from src/main/AndroidManifest.xml:6:2-8:35
	android:targetSdkVersion
		ADDED from src/main/AndroidManifest.xml:8:3-32
		INJECTED from src/main/AndroidManifest.xml
		INJECTED from src/main/AndroidManifest.xml
	android:minSdkVersion
		ADDED from src/main/AndroidManifest.xml:7:3-28
		INJECTED from src/main/AndroidManifest.xml
		INJECTED from src/main/AndroidManifest.xml
application
ADDED from src/main/AndroidManifest.xml:10:2-32:16
	android:label
		ADDED from src/main/AndroidManifest.xml:13:3-35
	android:icon
		ADDED from src/main/AndroidManifest.xml:12:3-39
	android:allowBackup
		ADDED from src/main/AndroidManifest.xml:11:3-29
	android:theme
		ADDED from src/main/AndroidManifest.xml:14:3-34
activity#de.onyxbits.sensorreadout.OverviewActivity
ADDED from src/main/AndroidManifest.xml:15:3-24:14
	android:label
		ADDED from src/main/AndroidManifest.xml:18:4-36
	android:icon
		ADDED from src/main/AndroidManifest.xml:17:4-40
	android:name
		ADDED from src/main/AndroidManifest.xml:16:4-35
intent-filter#android.intent.action.MAIN+android.intent.category.LAUNCHER
ADDED from src/main/AndroidManifest.xml:19:4-23:20
action#android.intent.action.MAIN
ADDED from src/main/AndroidManifest.xml:20:5-57
	android:name
		ADDED from src/main/AndroidManifest.xml:20:13-54
category#android.intent.category.LAUNCHER
ADDED from src/main/AndroidManifest.xml:22:5-65
	android:name
		ADDED from src/main/AndroidManifest.xml:22:15-62
activity#de.onyxbits.sensorreadout.ReadoutActivity
ADDED from src/main/AndroidManifest.xml:25:3-31:14
	android:parentActivityName
		ADDED from src/main/AndroidManifest.xml:27:4-75
	android:name
		ADDED from src/main/AndroidManifest.xml:26:4-34
meta-data#android.support.PARENT_ACTIVITY
ADDED from src/main/AndroidManifest.xml:28:4-30:66
	android:value
		ADDED from src/main/AndroidManifest.xml:30:5-63
	android:name
		ADDED from src/main/AndroidManifest.xml:29:5-51